<?xml version="1.0" encoding="UTF-8" ?>
<testsuite errors="0" failures="0" hostname="MacBook-Pro.local" name="junit.net.yura.domination.AllTests" skipped="0" tests="4" time="0.387" timestamp="2016-10-23T20:44:23">
  <properties>
[...]
</properties>
  <testcase classname="junit.net.yura.domination.engine.RiskUIUtilTest" name="testGetSafeMapID" time="0.015" />
  <testcase classname="junit.net.yura.domination.engine.RiskUIUtilTest" name="testGetExtension" time="0.195" />
  <testcase classname="junit.net.yura.domination.engine.RiskUIUtilTest" name="testGetURL" time="0.143" />
  <testcase classname="junit.net.yura.domination.engine.ai.AISimulationTest" name="testSomething" time="0.0" />
  <system-out><![CDATA[getSafeMapID
getExtension
getURL
]]></system-out>
  <system-err><![CDATA[]]></system-err>
</testsuite>
