<?xml version="1.0" encoding="UTF-8" ?>
<testsuite errors="0" failures="0" hostname="MacBook-Pro.local" name="junit.net.yura.domination.AllTests" skipped="0" tests="4" time="0.163" timestamp="2016-10-17T23:15:25">
  <properties>
[...]
</properties>
  <testcase classname="junit.net.yura.domination.engine.RiskUIUtilTest" name="testGetSafeMapID" time="0.002" />
  <testcase classname="junit.net.yura.domination.engine.RiskUIUtilTest" name="testGetExtension" time="0.118" />
  <testcase classname="junit.net.yura.domination.engine.RiskUIUtilTest" name="testGetURL" time="0.013" />
  <testcase classname="junit.net.yura.domination.engine.ai.AISimulationTest" name="testSomething" time="0.0" />
  <system-out><![CDATA[getSafeMapID
getExtension
getURL
]]></system-out>
  <system-err><![CDATA[]]></system-err>
</testsuite>
